[debug] [2021-08-08T06:41:13.681Z] ----------------------------------------------------------------------
[debug] [2021-08-08T06:41:13.686Z] Command:       C:\Program Files\nodejs\node.exe C:\Users\Krishnanand\AppData\Roaming\npm\node_modules\firebase-tools\lib\bin\firebase.js init
[debug] [2021-08-08T06:41:13.687Z] CLI Version:   9.16.0
[debug] [2021-08-08T06:41:13.687Z] Platform:      win32
[debug] [2021-08-08T06:41:13.687Z] Node Version:  v14.13.0
[debug] [2021-08-08T06:41:13.693Z] Time:          Sun Aug 08 2021 12:11:13 GMT+0530 (India Standard Time)
[debug] [2021-08-08T06:41:13.693Z] ----------------------------------------------------------------------
[debug] 
[debug] [2021-08-08T06:41:13.795Z] > command requires scopes: ["email","openid","https://www.googleapis.com/auth/cloudplatformprojects.readonly","https://www.googleapis.com/auth/firebase","https://www.googleapis.com/auth/cloud-platform"]
[debug] [2021-08-08T06:41:13.795Z] > authorizing via signed-in user (chaturcr48@gmail.com)
[info] 
     ######## #### ########  ######## ########     ###     ######  ########
     ##        ##  ##     ## ##       ##     ##  ##   ##  ##       ##
     ######    ##  ########  ######   ########  #########  ######  ######
     ##        ##  ##    ##  ##       ##     ## ##     ##       ## ##
     ##       #### ##     ## ######## ########  ##     ##  ######  ########

You're about to initialize a Firebase project in this directory:

  F:\startup\compare

Before we get started, keep in mind:

  * You are initializing within an existing Firebase project directory

